#-----------------------------------------------------------
# Vivado v2020.1 (64-bit)
# SW Build 2902540 on Wed May 27 19:54:49 MDT 2020
# IP Build 2902112 on Wed May 27 22:43:36 MDT 2020
# Start of session at: Mon Dec  6 15:10:40 2021
# Process ID: 22064
# Current directory: C:/Users/ALRah/Desktop/PROJECT 524/Tic_tac_toe
# Command line: vivado.exe -gui_launcher_event rodinguilauncherevent19116 C:\Users\ALRah\Desktop\PROJECT 524\Tic_tac_toe\Tic_tac_toe.xpr
# Log file: C:/Users/ALRah/Desktop/PROJECT 524/Tic_tac_toe/vivado.log
# Journal file: C:/Users/ALRah/Desktop/PROJECT 524/Tic_tac_toe\vivado.jou
#-----------------------------------------------------------
start_gui
open_project {C:/Users/ALRah/Desktop/PROJECT 524/Tic_tac_toe/Tic_tac_toe.xpr}
Scanning sources...
Finished scanning sources
INFO: [IP_Flow 19-234] Refreshing IP repositories
INFO: [IP_Flow 19-1704] No user IP repositories specified
INFO: [IP_Flow 19-2313] Loaded Vivado IP repository 'D:/Programs/Vivado/2020.1/data/ip'.
open_project: Time (s): cpu = 00:00:14 ; elapsed = 00:00:08 . Memory (MB): peak = 1015.355 ; gain = 0.000
update_compile_order -fileset sources_1
launch_simulation
Command: launch_simulation 
INFO: [Vivado 12-5682] Launching behavioral simulation in 'C:/Users/ALRah/Desktop/PROJECT 524/Tic_tac_toe/Tic_tac_toe.sim/sim_1/behav/xsim'
INFO: [SIM-utils-51] Simulation object is 'sim_1'
INFO: [SIM-utils-54] Inspecting design source files for 'tb_tic_tac_toe' in fileset 'sim_1'...
INFO: [USF-XSim-97] Finding global include files...
INFO: [USF-XSim-98] Fetching design files from 'sim_1'...
INFO: [USF-XSim-2] XSim::Compile design
INFO: [USF-XSim-61] Executing 'COMPILE and ANALYZE' step in 'C:/Users/ALRah/Desktop/PROJECT 524/Tic_tac_toe/Tic_tac_toe.sim/sim_1/behav/xsim'
"xvlog --incr --relax -prj tb_tic_tac_toe_vlog.prj"
INFO: [VRFC 10-2263] Analyzing Verilog file "C:/Users/ALRah/Desktop/PROJECT 524/Tic_tac_toe/Tic_tac_toe.srcs/sources_1/imports/Desktop/tic_tac_toe.v" into library xil_defaultlib
INFO: [VRFC 10-311] analyzing module tic_tac_toe
INFO: [VRFC 10-2263] Analyzing Verilog file "C:/Users/ALRah/Desktop/PROJECT 524/Tic_tac_toe/Tic_tac_toe.srcs/sim_1/imports/Desktop/tb_tic_tac_toe.v" into library xil_defaultlib
INFO: [VRFC 10-311] analyzing module tb_tic_tac_toe
INFO: [USF-XSim-69] 'compile' step finished in '2' seconds
INFO: [USF-XSim-3] XSim::Elaborate design
INFO: [USF-XSim-61] Executing 'ELABORATE' step in 'C:/Users/ALRah/Desktop/PROJECT 524/Tic_tac_toe/Tic_tac_toe.sim/sim_1/behav/xsim'
"xelab -wto 77a29430164243a88ad9db526dd6d35a --incr --debug typical --relax --mt 2 -L xil_defaultlib -L unisims_ver -L unimacro_ver -L secureip --snapshot tb_tic_tac_toe_behav xil_defaultlib.tb_tic_tac_toe xil_defaultlib.glbl -log elaborate.log"
Vivado Simulator 2020.1
Copyright 1986-1999, 2001-2020 Xilinx, Inc. All Rights Reserved.
Running: D:/Programs/Vivado/2020.1/bin/unwrapped/win64.o/xelab.exe -wto 77a29430164243a88ad9db526dd6d35a --incr --debug typical --relax --mt 2 -L xil_defaultlib -L unisims_ver -L unimacro_ver -L secureip --snapshot tb_tic_tac_toe_behav xil_defaultlib.tb_tic_tac_toe xil_defaultlib.glbl -log elaborate.log 
Using 2 slave threads.
Starting static elaboration
Pass Through NonSizing Optimizer
Completed static elaboration
Starting simulation data flow analysis
WARNING: [XSIM 43-4099] "C:/Users/ALRah/Desktop/PROJECT 524/Tic_tac_toe/Tic_tac_toe.srcs/sources_1/imports/Desktop/tic_tac_toe.v" Line 1. Module tic_tac_toe doesn't have a timescale but at least one module in design has a timescale.
WARNING: [XSIM 43-4099] "C:/Users/ALRah/Desktop/PROJECT 524/Tic_tac_toe/Tic_tac_toe.srcs/sources_1/imports/Desktop/tic_tac_toe.v" Line 1. Module tic_tac_toe doesn't have a timescale but at least one module in design has a timescale.
Completed simulation data flow analysis
Time Resolution for simulation is 1ps
Compiling module xil_defaultlib.tic_tac_toe
Compiling module xil_defaultlib.tb_tic_tac_toe
Compiling module xil_defaultlib.glbl
Built simulation snapshot tb_tic_tac_toe_behav

****** Webtalk v2020.1 (64-bit)
  **** SW Build 2902540 on Wed May 27 19:54:49 MDT 2020
  **** IP Build 2902112 on Wed May 27 22:43:36 MDT 2020
    ** Copyright 1986-2020 Xilinx, Inc. All Rights Reserved.

source C:/Users/ALRah/Desktop/PROJECT -notrace
couldn't read file "C:/Users/ALRah/Desktop/PROJECT": no such file or directory
INFO: [Common 17-206] Exiting Webtalk at Mon Dec  6 15:18:42 2021...
run_program: Time (s): cpu = 00:00:02 ; elapsed = 00:00:07 . Memory (MB): peak = 1015.355 ; gain = 0.000
INFO: [USF-XSim-69] 'elaborate' step finished in '7' seconds
INFO: [USF-XSim-4] XSim::Simulate design
INFO: [USF-XSim-61] Executing 'SIMULATE' step in 'C:/Users/ALRah/Desktop/PROJECT 524/Tic_tac_toe/Tic_tac_toe.sim/sim_1/behav/xsim'
INFO: [USF-XSim-98] *** Running xsim
   with args "tb_tic_tac_toe_behav -key {Behavioral:sim_1:Functional:tb_tic_tac_toe} -tclbatch {tb_tic_tac_toe.tcl} -log {simulate.log}"
INFO: [USF-XSim-8] Loading simulator feature
Vivado Simulator 2020.1
Time resolution is 1 ps
source tb_tic_tac_toe.tcl
# set curr_wave [current_wave_config]
# if { [string length $curr_wave] == 0 } {
#   if { [llength [get_objects]] > 0} {
#     add_wave /
#     set_property needs_save false [current_wave_config]
#   } else {
#      send_msg_id Add_Wave-1 WARNING "No top level signals found. Simulator will start without a wave window. If you want to open a wave window go to 'File->New Waveform Configuration' or type 'create_wave_config' in the TCL console."
#   }
# }
# run 1000ns
INFO: [USF-XSim-96] XSim completed. Design snapshot 'tb_tic_tac_toe_behav' loaded.
INFO: [USF-XSim-97] XSim simulation ran for 1000ns
launch_simulation: Time (s): cpu = 00:00:13 ; elapsed = 00:00:14 . Memory (MB): peak = 1015.355 ; gain = 0.000
run all
$stop called at time : 2385 ns : File "C:/Users/ALRah/Desktop/PROJECT 524/Tic_tac_toe/Tic_tac_toe.srcs/sim_1/imports/Desktop/tb_tic_tac_toe.v" Line 251
close_sim
INFO: [Simtcl 6-16] Simulation closed
exit
INFO: [Common 17-206] Exiting Vivado at Mon Dec  6 15:28:26 2021...
